<?xml version="1.0" encoding="UTF-8"?>
<!-- Generated by org.testng.reporters.JUnitXMLReporter -->
<testsuite ignored="1" hostname="PHANI" failures="0" tests="1" name="Test" time="11.667" errors="0" timestamp="2023-07-30T08:04:37 IST">
  <testcase classname="vtiger.Organizationtests.Oganization_Energy_CustomerTest" name="sampleTest" time="0.008"/>
  <testcase classname="vtiger.Organizationtests.Oganization_Energy_CustomerTest" name="Org_eng_CusterTest" time="0.0">
    <ignored/>
  </testcase> <!-- Org_eng_CusterTest -->
</testsuite> <!-- Test -->
